2026-06-28 19:14:51 | INFO | Retrieval fine-tune config:
backbone: jhu-clsp/mmBERT-small
trust_remote_code: false
max_seq_length: 8192
train_dataset: unicamp-dl/mmarco
train_dataset_config: hindi
train_dataset_split: train
train_trust_remote_code: true
train_streaming: true
train_shuffle_buffer: 100000
train_local_path: artifacts/retrieval_finetune/subsets/mmarco_hindi_train1250k_eval1k_seed17.jsonl
max_train_samples: 1250000
loss: CachedMultipleNegativesRankingLoss
mini_batch_size: 16
num_train_epochs: 1
per_device_train_batch_size: 64
per_device_eval_batch_size: 64
gradient_accumulation_steps: 8
learning_rate: 0.00010972521281842244
warmup_ratio: 0.05
bf16: true
fp16: false
batch_sampler: NO_DUPLICATES
save_strategy: steps
save_steps: 500
save_total_limit: 2
logging_steps: 100
eval_strategy: steps
eval_steps: 500
eval_split_size: 1000
load_best_model_at_end: true
metric_for_best_model: eval_train-dev_cosine_accuracy
greater_is_better: true
early_stopping_patience: 2
early_stopping_threshold: 0.0
selection_dataset_name: AIhnIndicRag/mmarco_hindi
selection_kind: hf_beir
selection_trust_remote_code: false
selection_corpus_config: corpus
selection_corpus_split: corpus
selection_queries_config: queries
selection_queries_split: queries
selection_qrels_config: default
selection_qrels_split: test
selection_max_corpus_docs: 50000
selection_max_queries: 500
selection_top_k: 10
selection_batch_size: 32
selection_corpus_chunk_size: 50000
output_dir: artifacts/retrieval_finetune/full_local_jsonl_train_eval_runs
seed: 17
eval_config: hindi_retrieval

2026-06-28 19:14:55 | INFO | Retrieval fine-tune | backbone=jhu-clsp/mmBERT-small | lr=0.00010972521281842244 | output=artifacts/retrieval_finetune/full_local_jsonl_train_eval_runs/mmBERT-small/mmBERT-small-DPR-0.00010972521281842244
2026-06-28 19:14:59 | INFO | Train samples: 1250000 | Eval samples: 1000
2026-06-28 19:14:59 | INFO | Baseline eval (before fine-tuning):
2026-06-28 22:13:14 | INFO | Post-training eval:
2026-06-28 22:13:17 | INFO | Saved fine-tuned model to artifacts/retrieval_finetune/full_local_jsonl_train_eval_runs/mmBERT-small/mmBERT-small-DPR-0.00010972521281842244/final
2026-06-28 22:13:17 | INFO | Selection eval | dataset=AIhnIndicRag/mmarco_hindi | corpus_cap=50000 | query_cap=500
2026-06-28 22:15:29 | INFO | Retrieval selection | nDCG@10: 0.7922 | recall@10: 0.8767 | MRR@10: 0.7698
2026-06-28 22:15:29 | INFO | Selection eval | nDCG@10: 0.7922
2026-06-28 22:15:29 | INFO | Fine-tune complete. Result:
{
  "backbone": "jhu-clsp/mmBERT-small",
  "learning_rate": 0.00010972521281842244,
  "run_name": "mmBERT-small-DPR-0.00010972521281842244",
  "final_model_path": "artifacts/retrieval_finetune/full_local_jsonl_train_eval_runs/mmBERT-small/mmBERT-small-DPR-0.00010972521281842244/final",
  "selection_score": {
    "AIhnIndicRag/mmarco_hindi.ndcg@10": 0.7922436304181025,
    "avg_ndcg@10": 0.7922436304181025
  }
}
2026-06-28 22:15:29 | INFO | Selection score (avg nDCG@10): 0.7922
